<?xml version="1.0" encoding="UTF-8"?>
<!-- Generated by org.testng.reporters.JUnitXMLReporter -->
<testsuite ignored="0" hostname="BA-000311890" failures="0" tests="5" name="Register Demo Test Case Flow" time="25.223" errors="0" timestamp="2023-10-17T15:03:37 IST">
  <testcase classname="com.telus.registerdemo.RegisterDemoFlow" name="launchApplication" time="18.283"/>
  <testcase classname="com.telus.registerdemo.RegisterDemoFlow" name="navigateToRegisterDemoPage" time="1.453"/>
  <testcase classname="com.telus.registerdemo.RegisterDemoFlow" name="registerDemo" time="4.91"/>
  <testcase classname="com.telus.registerdemo.RegisterDemoFlow" name="validateSuccessfulMsg" time="0.043"/>
  <testcase classname="com.telus.registerdemo.RegisterDemoFlow" name="closeApplication" time="0.46"/>
</testsuite> <!-- Register Demo Test Case Flow -->
