<?xml version="1.0" encoding="UTF-8"?>
<testng-results ignored="0" total="5" passed="5" failed="0" skipped="0">
  <reporter-output>
    <line>
      <![CDATA[Application is launched]]>
    </line>
    <line>
      <![CDATA[Register Demo Page is displayed]]>
    </line>
    <line>
      <![CDATA[The Actual and Expected title are same]]>
    </line>
    <line>
      <![CDATA[The Actual title is: Register For Demo]]>
    </line>
    <line>
      <![CDATA[The First Name is Displayed]]>
    </line>
    <line>
      <![CDATA[The First Name is: Ankita]]>
    </line>
    <line>
      <![CDATA[The Last Name is Displayed]]>
    </line>
    <line>
      <![CDATA[The Last Name is: Choudhary]]>
    </line>
    <line>
      <![CDATA[Female Radio button is not Selected]]>
    </line>
    <line>
      <![CDATA[Female Radio button is clicked]]>
    </line>
    <line>
      <![CDATA[Female Radio button is selected]]>
    </line>
    <line>
      <![CDATA[The Street Address is Displayed]]>
    </line>
    <line>
      <![CDATA[The Street Address is: 300 consilium palace]]>
    </line>
    <line>
      <![CDATA[Apartment Field is Displayed]]>
    </line>
    <line>
      <![CDATA[The Apartment and the building field is: Apartment Dummy]]>
    </line>
    <line>
      <![CDATA[The State field is Displayed]]>
    </line>
    <line>
      <![CDATA[The State is: Ontario]]>
    </line>
    <line>
      <![CDATA[The City is Displayed]]>
    </line>
    <line>
      <![CDATA[The City is: Winsdor]]>
    </line>
    <line>
      <![CDATA[The Zip Code is Displayed]]>
    </line>
    <line>
      <![CDATA[The Zip Code is : 201301]]>
    </line>
    <line>
      <![CDATA[The Country DropDown is Displayed]]>
    </line>
    <line>
      <![CDATA[Canada country is selected]]>
    </line>
    <line>
      <![CDATA[Email is Displayed]]>
    </line>
    <line>
      <![CDATA[Email is: ank123@gmail.com]]>
    </line>
    <line>
      <![CDATA[Date Of Demo field is Displayed]]>
    </line>
    <line>
      <![CDATA[Date of Demo is: 09/06/2023]]>
    </line>
    <line>
      <![CDATA[Hour Dropdown is Displayed]]>
    </line>
    <line>
      <![CDATA[08 hour is selected]]>
    </line>
    <line>
      <![CDATA[Minutes Dropdown is Displayed ]]>
    </line>
    <line>
      <![CDATA[20 minutes is selected]]>
    </line>
    <line>
      <![CDATA[Mobile number is Displayed]]>
    </line>
    <line>
      <![CDATA[Mobile number is: 7781537890]]>
    </line>
    <line>
      <![CDATA[TestNG Check Box Button is Not Selected]]>
    </line>
    <line>
      <![CDATA[TestNG Check Box is checked]]>
    </line>
    <line>
      <![CDATA[TestNG Check Box is selected ]]>
    </line>
    <line>
      <![CDATA[CoreJava Check Box is Not Selected]]>
    </line>
    <line>
      <![CDATA[CoreJava Check Box is checked]]>
    </line>
    <line>
      <![CDATA[CoreJava Check Box is selected]]>
    </line>
    <line>
      <![CDATA[Query field is Displayed]]>
    </line>
    <line>
      <![CDATA[Query of the candidate is: No Query]]>
    </line>
    <line>
      <![CDATA[Verification field is Displayed]]>
    </line>
    <line>
      <![CDATA[The two digit verification Output is: 99]]>
    </line>
    <line>
      <![CDATA[Submit Button is Enabled]]>
    </line>
    <line>
      <![CDATA[Submit Button is clicked]]>
    </line>
    <line>
      <![CDATA[The Actual and Expected Message are same]]>
    </line>
    <line>
      <![CDATA[The Actual successful messages is: Registration Form is Successfully Submitted.]]>
    </line>
    <line>
      <![CDATA[The Transaction ID is: NXTGEN61647]]>
    </line>
    <line>
      <![CDATA[Application is closed]]>
    </line>
  </reporter-output>
  <suite started-at="2023-10-17T15:03:12 IST" name="Automation Suite" finished-at="2023-10-17T15:03:37 IST" duration-ms="25223">
    <groups>
    </groups>
    <test started-at="2023-10-17T15:03:12 IST" name="Register Demo Test Case Flow" finished-at="2023-10-17T15:03:37 IST" duration-ms="25223">
      <class name="com.telus.registerdemo.RegisterDemoFlow">
        <test-method signature="launchApplication()[pri:1, instance:com.telus.registerdemo.RegisterDemoFlow@6cd28fa7]" started-at="2023-10-17T15:03:12 IST" name="launchApplication" finished-at="2023-10-17T15:03:30 IST" duration-ms="18283" status="PASS">
          <reporter-output>
            <line>
              <![CDATA[Application is launched]]>
            </line>
          </reporter-output>
        </test-method> <!-- launchApplication -->
        <test-method signature="navigateToRegisterDemoPage()[pri:2, instance:com.telus.registerdemo.RegisterDemoFlow@6cd28fa7]" started-at="2023-10-17T15:03:30 IST" name="navigateToRegisterDemoPage" finished-at="2023-10-17T15:03:32 IST" duration-ms="1453" status="PASS">
          <reporter-output>
            <line>
              <![CDATA[Register Demo Page is displayed]]>
            </line>
          </reporter-output>
        </test-method> <!-- navigateToRegisterDemoPage -->
        <test-method signature="registerDemo()[pri:3, instance:com.telus.registerdemo.RegisterDemoFlow@6cd28fa7]" started-at="2023-10-17T15:03:32 IST" name="registerDemo" finished-at="2023-10-17T15:03:37 IST" duration-ms="4910" status="PASS">
          <reporter-output>
            <line>
              <![CDATA[The Actual and Expected title are same]]>
            </line>
            <line>
              <![CDATA[The Actual title is: Register For Demo]]>
            </line>
            <line>
              <![CDATA[The First Name is Displayed]]>
            </line>
            <line>
              <![CDATA[The First Name is: Ankita]]>
            </line>
            <line>
              <![CDATA[The Last Name is Displayed]]>
            </line>
            <line>
              <![CDATA[The Last Name is: Choudhary]]>
            </line>
            <line>
              <![CDATA[Female Radio button is not Selected]]>
            </line>
            <line>
              <![CDATA[Female Radio button is clicked]]>
            </line>
            <line>
              <![CDATA[Female Radio button is selected]]>
            </line>
            <line>
              <![CDATA[The Street Address is Displayed]]>
            </line>
            <line>
              <![CDATA[The Street Address is: 300 consilium palace]]>
            </line>
            <line>
              <![CDATA[Apartment Field is Displayed]]>
            </line>
            <line>
              <![CDATA[The Apartment and the building field is: Apartment Dummy]]>
            </line>
            <line>
              <![CDATA[The State field is Displayed]]>
            </line>
            <line>
              <![CDATA[The State is: Ontario]]>
            </line>
            <line>
              <![CDATA[The City is Displayed]]>
            </line>
            <line>
              <![CDATA[The City is: Winsdor]]>
            </line>
            <line>
              <![CDATA[The Zip Code is Displayed]]>
            </line>
            <line>
              <![CDATA[The Zip Code is : 201301]]>
            </line>
            <line>
              <![CDATA[The Country DropDown is Displayed]]>
            </line>
            <line>
              <![CDATA[Canada country is selected]]>
            </line>
            <line>
              <![CDATA[Email is Displayed]]>
            </line>
            <line>
              <![CDATA[Email is: ank123@gmail.com]]>
            </line>
            <line>
              <![CDATA[Date Of Demo field is Displayed]]>
            </line>
            <line>
              <![CDATA[Date of Demo is: 09/06/2023]]>
            </line>
            <line>
              <![CDATA[Hour Dropdown is Displayed]]>
            </line>
            <line>
              <![CDATA[08 hour is selected]]>
            </line>
            <line>
              <![CDATA[Minutes Dropdown is Displayed ]]>
            </line>
            <line>
              <![CDATA[20 minutes is selected]]>
            </line>
            <line>
              <![CDATA[Mobile number is Displayed]]>
            </line>
            <line>
              <![CDATA[Mobile number is: 7781537890]]>
            </line>
            <line>
              <![CDATA[TestNG Check Box Button is Not Selected]]>
            </line>
            <line>
              <![CDATA[TestNG Check Box is checked]]>
            </line>
            <line>
              <![CDATA[TestNG Check Box is selected ]]>
            </line>
            <line>
              <![CDATA[CoreJava Check Box is Not Selected]]>
            </line>
            <line>
              <![CDATA[CoreJava Check Box is checked]]>
            </line>
            <line>
              <![CDATA[CoreJava Check Box is selected]]>
            </line>
            <line>
              <![CDATA[Query field is Displayed]]>
            </line>
            <line>
              <![CDATA[Query of the candidate is: No Query]]>
            </line>
            <line>
              <![CDATA[Verification field is Displayed]]>
            </line>
            <line>
              <![CDATA[The two digit verification Output is: 99]]>
            </line>
            <line>
              <![CDATA[Submit Button is Enabled]]>
            </line>
            <line>
              <![CDATA[Submit Button is clicked]]>
            </line>
          </reporter-output>
        </test-method> <!-- registerDemo -->
        <test-method signature="validateSuccessfulMsg()[pri:4, instance:com.telus.registerdemo.RegisterDemoFlow@6cd28fa7]" started-at="2023-10-17T15:03:37 IST" name="validateSuccessfulMsg" finished-at="2023-10-17T15:03:37 IST" duration-ms="43" status="PASS">
          <reporter-output>
            <line>
              <![CDATA[The Actual and Expected Message are same]]>
            </line>
            <line>
              <![CDATA[The Actual successful messages is: Registration Form is Successfully Submitted.]]>
            </line>
            <line>
              <![CDATA[The Transaction ID is: NXTGEN61647]]>
            </line>
          </reporter-output>
        </test-method> <!-- validateSuccessfulMsg -->
        <test-method signature="closeApplication()[pri:5, instance:com.telus.registerdemo.RegisterDemoFlow@6cd28fa7]" started-at="2023-10-17T15:03:37 IST" name="closeApplication" finished-at="2023-10-17T15:03:37 IST" duration-ms="460" status="PASS">
          <reporter-output>
            <line>
              <![CDATA[Application is closed]]>
            </line>
          </reporter-output>
        </test-method> <!-- closeApplication -->
      </class> <!-- com.telus.registerdemo.RegisterDemoFlow -->
    </test> <!-- Register Demo Test Case Flow -->
  </suite> <!-- Automation Suite -->
</testng-results>
